2019-11-10 02:00:19.811 WARN  --- [HikariPool-1 housekeeper] com.zaxxer.hikari.pool.HikariPool Line:787 - HikariPool-1 - Thread starvation or clock leap detected (housekeeper delta=3h21m32s631ms).
2019-11-10 04:00:40.543 WARN  --- [HikariPool-1 housekeeper] com.zaxxer.hikari.pool.HikariPool Line:787 - HikariPool-1 - Thread starvation or clock leap detected (housekeeper delta=2h20s901ms).
2019-11-10 08:00:59.602 WARN  --- [HikariPool-1 housekeeper] com.zaxxer.hikari.pool.HikariPool Line:787 - HikariPool-1 - Thread starvation or clock leap detected (housekeeper delta=4h19s28ms).
2019-11-10 09:03:42.605 WARN  --- [HikariPool-1 housekeeper] com.zaxxer.hikari.pool.HikariPool Line:787 - HikariPool-1 - Thread starvation or clock leap detected (housekeeper delta=1h2m42s535ms).
2019-11-10 09:26:34.465 WARN  --- [HikariPool-1 housekeeper] com.zaxxer.hikari.pool.HikariPool Line:787 - HikariPool-1 - Thread starvation or clock leap detected (housekeeper delta=22m52s359ms).
2019-11-10 10:21:01.716 WARN  --- [HikariPool-1 housekeeper] com.zaxxer.hikari.pool.HikariPool Line:787 - HikariPool-1 - Thread starvation or clock leap detected (housekeeper delta=54m27s251ms).
2019-11-10 13:23:05.575 WARN  --- [HikariPool-1 housekeeper] com.zaxxer.hikari.pool.HikariPool Line:787 - HikariPool-1 - Thread starvation or clock leap detected (housekeeper delta=23m2s473ms).
2019-11-10 13:39:04.383 WARN  --- [HikariPool-1 housekeeper] com.zaxxer.hikari.pool.HikariPool Line:787 - HikariPool-1 - Thread starvation or clock leap detected (housekeeper delta=15m28s774ms).
2019-11-10 13:45:26.242 WARN  --- [HikariPool-1 housekeeper] com.zaxxer.hikari.pool.HikariPool Line:787 - HikariPool-1 - Thread starvation or clock leap detected (housekeeper delta=5m51s850ms).
2019-11-10 14:17:11.381 WARN  --- [HikariPool-1 housekeeper] com.zaxxer.hikari.pool.HikariPool Line:787 - HikariPool-1 - Thread starvation or clock leap detected (housekeeper delta=8m33s59ms).
2019-11-10 14:49:12.121 WARN  --- [HikariPool-1 housekeeper] com.zaxxer.hikari.pool.HikariPool Line:787 - HikariPool-1 - Thread starvation or clock leap detected (housekeeper delta=31m29s817ms).
2019-11-10 15:00:11.003 WARN  --- [HikariPool-1 housekeeper] com.zaxxer.hikari.pool.HikariPool Line:787 - HikariPool-1 - Thread starvation or clock leap detected (housekeeper delta=10m58s883ms).
2019-11-10 15:11:40.899 WARN  --- [HikariPool-1 housekeeper] com.zaxxer.hikari.pool.HikariPool Line:787 - HikariPool-1 - Thread starvation or clock leap detected (housekeeper delta=10m59s826ms).
2019-11-10 15:27:18.981 WARN  --- [HikariPool-1 housekeeper] com.zaxxer.hikari.pool.HikariPool Line:787 - HikariPool-1 - Thread starvation or clock leap detected (housekeeper delta=15m8s77ms).
2019-11-10 15:58:49.830 WARN  --- [HikariPool-1 housekeeper] com.zaxxer.hikari.pool.HikariPool Line:787 - HikariPool-1 - Thread starvation or clock leap detected (housekeeper delta=31m845ms).
2019-11-10 16:11:55.688 WARN  --- [HikariPool-1 housekeeper] com.zaxxer.hikari.pool.HikariPool Line:787 - HikariPool-1 - Thread starvation or clock leap detected (housekeeper delta=12m35s855ms).
2019-11-10 16:43:54.526 WARN  --- [HikariPool-1 housekeeper] com.zaxxer.hikari.pool.HikariPool Line:787 - HikariPool-1 - Thread starvation or clock leap detected (housekeeper delta=31m28s832ms).
2019-11-10 16:44:44.383 WARN  --- [HikariPool-1 housekeeper] com.zaxxer.hikari.pool.HikariPool Line:787 - HikariPool-1 - Thread starvation or clock leap detected (housekeeper delta=49s857ms).
2019-11-10 17:06:19.593 WARN  --- [HikariPool-1 housekeeper] com.zaxxer.hikari.pool.HikariPool Line:787 - HikariPool-1 - Thread starvation or clock leap detected (housekeeper delta=2m5s45ms).
2019-11-10 17:15:31.742 WARN  --- [HikariPool-1 housekeeper] com.zaxxer.hikari.pool.HikariPool Line:787 - HikariPool-1 - Thread starvation or clock leap detected (housekeeper delta=5m42s114ms).
2019-11-10 17:47:46.642 WARN  --- [HikariPool-1 housekeeper] com.zaxxer.hikari.pool.HikariPool Line:787 - HikariPool-1 - Thread starvation or clock leap detected (housekeeper delta=31m44s884ms).
2019-11-10 18:19:33.472 WARN  --- [HikariPool-1 housekeeper] com.zaxxer.hikari.pool.HikariPool Line:787 - HikariPool-1 - Thread starvation or clock leap detected (housekeeper delta=31m16s822ms).
2019-11-10 18:24:18.171 WARN  --- [HikariPool-1 housekeeper] com.zaxxer.hikari.pool.HikariPool Line:787 - HikariPool-1 - Thread starvation or clock leap detected (housekeeper delta=4m14s689ms).
2019-11-10 18:39:47.088 WARN  --- [HikariPool-1 housekeeper] com.zaxxer.hikari.pool.HikariPool Line:787 - HikariPool-1 - Thread starvation or clock leap detected (housekeeper delta=10m58s877ms).
2019-11-10 18:55:45.917 WARN  --- [HikariPool-1 housekeeper] com.zaxxer.hikari.pool.HikariPool Line:787 - HikariPool-1 - Thread starvation or clock leap detected (housekeeper delta=15m28s819ms).
2019-11-10 19:08:14.768 WARN  --- [HikariPool-1 housekeeper] com.zaxxer.hikari.pool.HikariPool Line:787 - HikariPool-1 - Thread starvation or clock leap detected (housekeeper delta=11m58s845ms).
2019-11-10 19:26:52.151 WARN  --- [HikariPool-1 housekeeper] com.zaxxer.hikari.pool.HikariPool Line:787 - HikariPool-1 - Thread starvation or clock leap detected (housekeeper delta=18m37s383ms).
2019-11-10 19:33:32.570 WARN  --- [HikariPool-1 housekeeper] com.zaxxer.hikari.pool.HikariPool Line:787 - HikariPool-1 - Thread starvation or clock leap detected (housekeeper delta=6m40s419ms).
2019-11-10 19:42:54.336 WARN  --- [HikariPool-1 housekeeper] com.zaxxer.hikari.pool.HikariPool Line:787 - HikariPool-1 - Thread starvation or clock leap detected (housekeeper delta=9m21s766ms).
2019-11-10 20:00:43.232 WARN  --- [HikariPool-1 housekeeper] com.zaxxer.hikari.pool.HikariPool Line:787 - HikariPool-1 - Thread starvation or clock leap detected (housekeeper delta=17m48s896ms).
2019-11-10 20:03:00.109 WARN  --- [HikariPool-1 housekeeper] com.zaxxer.hikari.pool.HikariPool Line:787 - HikariPool-1 - Thread starvation or clock leap detected (housekeeper delta=1m46s874ms).
2019-11-10 20:08:35.969 WARN  --- [HikariPool-1 housekeeper] com.zaxxer.hikari.pool.HikariPool Line:787 - HikariPool-1 - Thread starvation or clock leap detected (housekeeper delta=2m35s831ms).
2019-11-10 20:33:30.034 WARN  --- [HikariPool-1 housekeeper] com.zaxxer.hikari.pool.HikariPool Line:787 - HikariPool-1 - Thread starvation or clock leap detected (housekeeper delta=4m23s892ms).
2019-11-10 21:46:30.569 WARN  --- [HikariPool-1 housekeeper] com.zaxxer.hikari.pool.HikariPool Line:787 - HikariPool-1 - Thread starvation or clock leap detected (housekeeper delta=8m30s14ms).
2019-11-10 21:55:35.812 WARN  --- [HikariPool-1 housekeeper] com.zaxxer.hikari.pool.HikariPool Line:787 - HikariPool-1 - Thread starvation or clock leap detected (housekeeper delta=4m5s195ms).
2019-11-10 22:13:38.557 WARN  --- [HikariPool-1 housekeeper] com.zaxxer.hikari.pool.HikariPool Line:787 - HikariPool-1 - Thread starvation or clock leap detected (housekeeper delta=2m2s619ms).
2019-11-10 22:48:24.939 WARN  --- [HikariPool-1 housekeeper] com.zaxxer.hikari.pool.HikariPool Line:787 - HikariPool-1 - Thread starvation or clock leap detected (housekeeper delta=9m46s168ms).
2019-11-10 22:58:41.706 WARN  --- [HikariPool-1 housekeeper] com.zaxxer.hikari.pool.HikariPool Line:787 - HikariPool-1 - Thread starvation or clock leap detected (housekeeper delta=9m46s641ms).
2019-11-10 23:08:28.389 WARN  --- [HikariPool-1 housekeeper] com.zaxxer.hikari.pool.HikariPool Line:787 - HikariPool-1 - Thread starvation or clock leap detected (housekeeper delta=9m46s683ms).
2019-11-10 23:18:44.884 WARN  --- [HikariPool-1 housekeeper] com.zaxxer.hikari.pool.HikariPool Line:787 - HikariPool-1 - Thread starvation or clock leap detected (housekeeper delta=9m46s486ms).
2019-11-10 23:29:01.375 WARN  --- [HikariPool-1 housekeeper] com.zaxxer.hikari.pool.HikariPool Line:787 - HikariPool-1 - Thread starvation or clock leap detected (housekeeper delta=9m46s486ms).
2019-11-10 23:39:18.147 WARN  --- [HikariPool-1 housekeeper] com.zaxxer.hikari.pool.HikariPool Line:787 - HikariPool-1 - Thread starvation or clock leap detected (housekeeper delta=9m46s763ms).
2019-11-10 23:49:04.902 WARN  --- [HikariPool-1 housekeeper] com.zaxxer.hikari.pool.HikariPool Line:787 - HikariPool-1 - Thread starvation or clock leap detected (housekeeper delta=9m46s754ms).
2019-11-10 23:59:21.520 WARN  --- [HikariPool-1 housekeeper] com.zaxxer.hikari.pool.HikariPool Line:787 - HikariPool-1 - Thread starvation or clock leap detected (housekeeper delta=9m46s611ms).
