2019-11-12 00:04:19.818 WARN  --- [HikariPool-1 housekeeper] com.zaxxer.hikari.pool.HikariPool Line:787 - HikariPool-1 - Thread starvation or clock leap detected (housekeeper delta=9m52s132ms).
2019-11-12 00:14:40.796 WARN  --- [HikariPool-1 housekeeper] com.zaxxer.hikari.pool.HikariPool Line:787 - HikariPool-1 - Thread starvation or clock leap detected (housekeeper delta=9m50s604ms).
2019-11-12 00:25:00.315 WARN  --- [HikariPool-1 housekeeper] com.zaxxer.hikari.pool.HikariPool Line:787 - HikariPool-1 - Thread starvation or clock leap detected (housekeeper delta=9m49s445ms).
2019-11-12 00:35:20.326 WARN  --- [HikariPool-1 housekeeper] com.zaxxer.hikari.pool.HikariPool Line:787 - HikariPool-1 - Thread starvation or clock leap detected (housekeeper delta=9m49s966ms).
2019-11-12 00:45:11.019 WARN  --- [HikariPool-1 housekeeper] com.zaxxer.hikari.pool.HikariPool Line:787 - HikariPool-1 - Thread starvation or clock leap detected (housekeeper delta=9m50s692ms).
2019-11-12 00:55:31.844 WARN  --- [HikariPool-1 housekeeper] com.zaxxer.hikari.pool.HikariPool Line:787 - HikariPool-1 - Thread starvation or clock leap detected (housekeeper delta=9m50s802ms).
2019-11-12 01:05:52.479 WARN  --- [HikariPool-1 housekeeper] com.zaxxer.hikari.pool.HikariPool Line:787 - HikariPool-1 - Thread starvation or clock leap detected (housekeeper delta=9m50s329ms).
2019-11-12 01:15:44.626 WARN  --- [HikariPool-1 housekeeper] com.zaxxer.hikari.pool.HikariPool Line:787 - HikariPool-1 - Thread starvation or clock leap detected (housekeeper delta=9m52s115ms).
2019-11-12 01:26:05.592 WARN  --- [HikariPool-1 housekeeper] com.zaxxer.hikari.pool.HikariPool Line:787 - HikariPool-1 - Thread starvation or clock leap detected (housekeeper delta=9m50s525ms).
2019-11-12 01:36:25.378 WARN  --- [HikariPool-1 housekeeper] com.zaxxer.hikari.pool.HikariPool Line:787 - HikariPool-1 - Thread starvation or clock leap detected (housekeeper delta=9m49s653ms).
2019-11-12 01:46:45.853 WARN  --- [HikariPool-1 housekeeper] com.zaxxer.hikari.pool.HikariPool Line:787 - HikariPool-1 - Thread starvation or clock leap detected (housekeeper delta=9m50s427ms).
2019-11-12 01:56:35.846 WARN  --- [HikariPool-1 housekeeper] com.zaxxer.hikari.pool.HikariPool Line:787 - HikariPool-1 - Thread starvation or clock leap detected (housekeeper delta=9m49s995ms).
2019-11-12 02:06:56.081 WARN  --- [HikariPool-1 housekeeper] com.zaxxer.hikari.pool.HikariPool Line:787 - HikariPool-1 - Thread starvation or clock leap detected (housekeeper delta=9m50s210ms).
2019-11-12 02:17:16.269 WARN  --- [HikariPool-1 housekeeper] com.zaxxer.hikari.pool.HikariPool Line:787 - HikariPool-1 - Thread starvation or clock leap detected (housekeeper delta=9m50s130ms).
2019-11-12 02:27:07.267 WARN  --- [HikariPool-1 housekeeper] com.zaxxer.hikari.pool.HikariPool Line:787 - HikariPool-1 - Thread starvation or clock leap detected (housekeeper delta=9m50s940ms).
2019-11-12 02:37:27.189 WARN  --- [HikariPool-1 housekeeper] com.zaxxer.hikari.pool.HikariPool Line:787 - HikariPool-1 - Thread starvation or clock leap detected (housekeeper delta=9m49s616ms).
2019-11-12 02:47:47.929 WARN  --- [HikariPool-1 housekeeper] com.zaxxer.hikari.pool.HikariPool Line:787 - HikariPool-1 - Thread starvation or clock leap detected (housekeeper delta=9m50s689ms).
2019-11-12 02:58:08.457 WARN  --- [HikariPool-1 housekeeper] com.zaxxer.hikari.pool.HikariPool Line:787 - HikariPool-1 - Thread starvation or clock leap detected (housekeeper delta=9m50s491ms).
2019-11-12 03:07:57.770 WARN  --- [HikariPool-1 housekeeper] com.zaxxer.hikari.pool.HikariPool Line:787 - HikariPool-1 - Thread starvation or clock leap detected (housekeeper delta=9m49s309ms).
2019-11-12 03:18:18.103 WARN  --- [HikariPool-1 housekeeper] com.zaxxer.hikari.pool.HikariPool Line:787 - HikariPool-1 - Thread starvation or clock leap detected (housekeeper delta=9m50s311ms).
2019-11-12 03:28:38.900 WARN  --- [HikariPool-1 housekeeper] com.zaxxer.hikari.pool.HikariPool Line:787 - HikariPool-1 - Thread starvation or clock leap detected (housekeeper delta=9m50s748ms).
2019-11-12 03:38:58.966 WARN  --- [HikariPool-1 housekeeper] com.zaxxer.hikari.pool.HikariPool Line:787 - HikariPool-1 - Thread starvation or clock leap detected (housekeeper delta=9m50s45ms).
2019-11-12 03:48:49.427 WARN  --- [HikariPool-1 housekeeper] com.zaxxer.hikari.pool.HikariPool Line:787 - HikariPool-1 - Thread starvation or clock leap detected (housekeeper delta=9m50s462ms).
2019-11-12 03:59:09.450 WARN  --- [HikariPool-1 housekeeper] com.zaxxer.hikari.pool.HikariPool Line:787 - HikariPool-1 - Thread starvation or clock leap detected (housekeeper delta=9m49s967ms).
2019-11-12 04:09:29.769 WARN  --- [HikariPool-1 housekeeper] com.zaxxer.hikari.pool.HikariPool Line:787 - HikariPool-1 - Thread starvation or clock leap detected (housekeeper delta=9m49s937ms).
2019-11-12 04:19:19.619 WARN  --- [HikariPool-1 housekeeper] com.zaxxer.hikari.pool.HikariPool Line:787 - HikariPool-1 - Thread starvation or clock leap detected (housekeeper delta=9m49s826ms).
2019-11-12 04:29:40.289 WARN  --- [HikariPool-1 housekeeper] com.zaxxer.hikari.pool.HikariPool Line:787 - HikariPool-1 - Thread starvation or clock leap detected (housekeeper delta=9m50s639ms).
2019-11-12 04:40:00.465 WARN  --- [HikariPool-1 housekeeper] com.zaxxer.hikari.pool.HikariPool Line:787 - HikariPool-1 - Thread starvation or clock leap detected (housekeeper delta=9m50s139ms).
2019-11-12 04:49:53.601 WARN  --- [HikariPool-1 housekeeper] com.zaxxer.hikari.pool.HikariPool Line:787 - HikariPool-1 - Thread starvation or clock leap detected (housekeeper delta=9m52s680ms).
2019-11-12 05:00:13.666 WARN  --- [HikariPool-1 housekeeper] com.zaxxer.hikari.pool.HikariPool Line:787 - HikariPool-1 - Thread starvation or clock leap detected (housekeeper delta=9m49s978ms).
2019-11-12 05:10:34.577 WARN  --- [HikariPool-1 housekeeper] com.zaxxer.hikari.pool.HikariPool Line:787 - HikariPool-1 - Thread starvation or clock leap detected (housekeeper delta=9m50s844ms).
2019-11-12 05:20:54.288 WARN  --- [HikariPool-1 housekeeper] com.zaxxer.hikari.pool.HikariPool Line:787 - HikariPool-1 - Thread starvation or clock leap detected (housekeeper delta=9m49s665ms).
2019-11-12 05:30:44.155 WARN  --- [HikariPool-1 housekeeper] com.zaxxer.hikari.pool.HikariPool Line:787 - HikariPool-1 - Thread starvation or clock leap detected (housekeeper delta=9m49s868ms).
2019-11-12 05:41:04.723 WARN  --- [HikariPool-1 housekeeper] com.zaxxer.hikari.pool.HikariPool Line:787 - HikariPool-1 - Thread starvation or clock leap detected (housekeeper delta=9m50s544ms).
2019-11-12 05:51:24.969 WARN  --- [HikariPool-1 housekeeper] com.zaxxer.hikari.pool.HikariPool Line:787 - HikariPool-1 - Thread starvation or clock leap detected (housekeeper delta=9m50s198ms).
2019-11-12 06:01:45.388 WARN  --- [HikariPool-1 housekeeper] com.zaxxer.hikari.pool.HikariPool Line:787 - HikariPool-1 - Thread starvation or clock leap detected (housekeeper delta=9m50s376ms).
2019-11-12 06:11:35.082 WARN  --- [HikariPool-1 housekeeper] com.zaxxer.hikari.pool.HikariPool Line:787 - HikariPool-1 - Thread starvation or clock leap detected (housekeeper delta=9m49s693ms).
2019-11-12 06:21:56.560 WARN  --- [HikariPool-1 housekeeper] com.zaxxer.hikari.pool.HikariPool Line:787 - HikariPool-1 - Thread starvation or clock leap detected (housekeeper delta=9m51s458ms).
2019-11-12 06:32:15.744 WARN  --- [HikariPool-1 housekeeper] com.zaxxer.hikari.pool.HikariPool Line:787 - HikariPool-1 - Thread starvation or clock leap detected (housekeeper delta=9m49s136ms).
2019-11-12 13:38:20.522 WARN  --- [HikariPool-1 housekeeper] com.zaxxer.hikari.pool.HikariPool Line:787 - HikariPool-1 - Thread starvation or clock leap detected (housekeeper delta=7h6m4s778ms).
2019-11-12 14:10:47.911 WARN  --- [HikariPool-1 housekeeper] com.zaxxer.hikari.pool.HikariPool Line:787 - HikariPool-1 - Thread starvation or clock leap detected (housekeeper delta=3m27s143ms).
2019-11-12 14:34:07.877 WARN  --- [HikariPool-1 housekeeper] com.zaxxer.hikari.pool.HikariPool Line:787 - HikariPool-1 - Thread starvation or clock leap detected (housekeeper delta=12m49s860ms).
2019-11-12 15:05:27.667 WARN  --- [HikariPool-1 housekeeper] com.zaxxer.hikari.pool.HikariPool Line:787 - HikariPool-1 - Thread starvation or clock leap detected (housekeeper delta=29m49s764ms).
2019-11-12 15:16:56.571 WARN  --- [HikariPool-1 housekeeper] com.zaxxer.hikari.pool.HikariPool Line:787 - HikariPool-1 - Thread starvation or clock leap detected (housekeeper delta=10m58s895ms).
2019-11-12 15:38:49.573 WARN  --- [HikariPool-1 housekeeper] com.zaxxer.hikari.pool.HikariPool Line:787 - HikariPool-1 - Thread starvation or clock leap detected (housekeeper delta=21m22s998ms).
2019-11-12 15:45:09.932 WARN  --- [HikariPool-1 housekeeper] com.zaxxer.hikari.pool.HikariPool Line:787 - HikariPool-1 - Thread starvation or clock leap detected (housekeeper delta=5m50s350ms).
2019-11-12 17:40:05.422 WARN  --- [HikariPool-1 housekeeper] com.zaxxer.hikari.pool.HikariPool Line:787 - HikariPool-1 - Thread starvation or clock leap detected (housekeeper delta=2m54s852ms).
2019-11-12 17:57:27.905 WARN  --- [HikariPool-1 housekeeper] com.zaxxer.hikari.pool.HikariPool Line:787 - HikariPool-1 - Thread starvation or clock leap detected (housekeeper delta=6m22s396ms).
2019-11-12 18:03:18.156 WARN  --- [HikariPool-1 housekeeper] com.zaxxer.hikari.pool.HikariPool Line:787 - HikariPool-1 - Thread starvation or clock leap detected (housekeeper delta=5m50s257ms).
2019-11-12 18:34:39.005 WARN  --- [HikariPool-1 housekeeper] com.zaxxer.hikari.pool.HikariPool Line:787 - HikariPool-1 - Thread starvation or clock leap detected (housekeeper delta=31m20s849ms).
2019-11-12 18:45:38.866 WARN  --- [HikariPool-1 housekeeper] com.zaxxer.hikari.pool.HikariPool Line:787 - HikariPool-1 - Thread starvation or clock leap detected (housekeeper delta=10m59s860ms).
2019-11-12 19:18:03.733 WARN  --- [HikariPool-1 housekeeper] com.zaxxer.hikari.pool.HikariPool Line:787 - HikariPool-1 - Thread starvation or clock leap detected (housekeeper delta=31m54s860ms).
2019-11-12 19:29:45.584 WARN  --- [HikariPool-1 housekeeper] com.zaxxer.hikari.pool.HikariPool Line:787 - HikariPool-1 - Thread starvation or clock leap detected (housekeeper delta=11m41s851ms).
2019-11-12 20:02:51.027 WARN  --- [http-nio-8080-exec-1] org.springframework.web.servlet.mvc.support.DefaultHandlerExceptionResolver Line:199 - Resolved [org.springframework.http.converter.HttpMessageNotReadableException: Required request body is missing: public org.springframework.http.ResponseEntity<com.xiaoyaotong.api.login.model.ResultModel> com.xiaoyaotong.api.login.controller.TokenController.login(com.xiaoyaotong.api.login.entity.User)]
2019-11-12 20:02:52.144 WARN  --- [http-nio-8080-exec-2] org.springframework.web.servlet.mvc.support.DefaultHandlerExceptionResolver Line:199 - Resolved [org.springframework.http.converter.HttpMessageNotReadableException: Required request body is missing: public org.springframework.http.ResponseEntity<com.xiaoyaotong.api.login.model.ResultModel> com.xiaoyaotong.api.login.controller.TokenController.login(com.xiaoyaotong.api.login.entity.User)]
2019-11-12 20:02:55.250 WARN  --- [http-nio-8080-exec-3] org.springframework.web.servlet.mvc.support.DefaultHandlerExceptionResolver Line:199 - Resolved [org.springframework.http.converter.HttpMessageNotReadableException: Required request body is missing: public org.springframework.http.ResponseEntity<com.xiaoyaotong.api.login.model.ResultModel> com.xiaoyaotong.api.login.controller.TokenController.login(com.xiaoyaotong.api.login.entity.User)]
2019-11-12 20:02:56.241 WARN  --- [http-nio-8080-exec-4] org.springframework.web.servlet.mvc.support.DefaultHandlerExceptionResolver Line:199 - Resolved [org.springframework.http.converter.HttpMessageNotReadableException: Required request body is missing: public org.springframework.http.ResponseEntity<com.xiaoyaotong.api.login.model.ResultModel> com.xiaoyaotong.api.login.controller.TokenController.login(com.xiaoyaotong.api.login.entity.User)]
2019-11-12 20:02:57.714 WARN  --- [http-nio-8080-exec-5] org.springframework.web.servlet.mvc.support.DefaultHandlerExceptionResolver Line:199 - Resolved [org.springframework.http.converter.HttpMessageNotReadableException: Required request body is missing: public org.springframework.http.ResponseEntity<com.xiaoyaotong.api.login.model.ResultModel> com.xiaoyaotong.api.login.controller.TokenController.login(com.xiaoyaotong.api.login.entity.User)]
2019-11-12 20:02:58.669 WARN  --- [http-nio-8080-exec-6] org.springframework.web.servlet.mvc.support.DefaultHandlerExceptionResolver Line:199 - Resolved [org.springframework.http.converter.HttpMessageNotReadableException: Required request body is missing: public org.springframework.http.ResponseEntity<com.xiaoyaotong.api.login.model.ResultModel> com.xiaoyaotong.api.login.controller.TokenController.login(com.xiaoyaotong.api.login.entity.User)]
2019-11-12 20:02:59.542 WARN  --- [http-nio-8080-exec-7] org.springframework.web.servlet.mvc.support.DefaultHandlerExceptionResolver Line:199 - Resolved [org.springframework.http.converter.HttpMessageNotReadableException: Required request body is missing: public org.springframework.http.ResponseEntity<com.xiaoyaotong.api.login.model.ResultModel> com.xiaoyaotong.api.login.controller.TokenController.login(com.xiaoyaotong.api.login.entity.User)]
2019-11-12 20:03:00.188 WARN  --- [http-nio-8080-exec-8] org.springframework.web.servlet.mvc.support.DefaultHandlerExceptionResolver Line:199 - Resolved [org.springframework.http.converter.HttpMessageNotReadableException: Required request body is missing: public org.springframework.http.ResponseEntity<com.xiaoyaotong.api.login.model.ResultModel> com.xiaoyaotong.api.login.controller.TokenController.login(com.xiaoyaotong.api.login.entity.User)]
2019-11-12 20:03:01.205 WARN  --- [http-nio-8080-exec-9] org.springframework.web.servlet.mvc.support.DefaultHandlerExceptionResolver Line:199 - Resolved [org.springframework.http.converter.HttpMessageNotReadableException: Required request body is missing: public org.springframework.http.ResponseEntity<com.xiaoyaotong.api.login.model.ResultModel> com.xiaoyaotong.api.login.controller.TokenController.login(com.xiaoyaotong.api.login.entity.User)]
2019-11-12 20:03:02.678 WARN  --- [http-nio-8080-exec-10] org.springframework.web.servlet.mvc.support.DefaultHandlerExceptionResolver Line:199 - Resolved [org.springframework.http.converter.HttpMessageNotReadableException: Required request body is missing: public org.springframework.http.ResponseEntity<com.xiaoyaotong.api.login.model.ResultModel> com.xiaoyaotong.api.login.controller.TokenController.login(com.xiaoyaotong.api.login.entity.User)]
2019-11-12 20:03:03.879 WARN  --- [http-nio-8080-exec-1] org.springframework.web.servlet.mvc.support.DefaultHandlerExceptionResolver Line:199 - Resolved [org.springframework.http.converter.HttpMessageNotReadableException: Required request body is missing: public org.springframework.http.ResponseEntity<com.xiaoyaotong.api.login.model.ResultModel> com.xiaoyaotong.api.login.controller.TokenController.login(com.xiaoyaotong.api.login.entity.User)]
2019-11-12 20:03:48.854 WARN  --- [http-nio-8080-exec-2] org.springframework.web.servlet.mvc.support.DefaultHandlerExceptionResolver Line:199 - Resolved [org.springframework.web.HttpMediaTypeNotSupportedException: Content type 'text/plain;charset=UTF-8' not supported]
2019-11-12 20:03:56.215 WARN  --- [http-nio-8080-exec-3] org.springframework.web.servlet.mvc.support.DefaultHandlerExceptionResolver Line:199 - Resolved [org.springframework.web.HttpMediaTypeNotSupportedException: Content type 'text/plain;charset=UTF-8' not supported]
2019-11-12 20:05:34.898 WARN  --- [http-nio-8080-exec-6] org.springframework.web.servlet.mvc.support.DefaultHandlerExceptionResolver Line:199 - Resolved [org.springframework.web.HttpRequestMethodNotSupportedException: Request method 'GET' not supported]
2019-11-12 20:06:15.802 WARN  --- [http-nio-8080-exec-7] org.springframework.web.servlet.mvc.support.DefaultHandlerExceptionResolver Line:199 - Resolved [org.springframework.web.HttpRequestMethodNotSupportedException: Request method 'GET' not supported]
2019-11-12 20:06:29.061 WARN  --- [http-nio-8080-exec-8] org.springframework.web.servlet.mvc.support.DefaultHandlerExceptionResolver Line:199 - Resolved [org.springframework.web.HttpMediaTypeNotSupportedException: Content type 'text/plain;charset=UTF-8' not supported]
2019-11-12 20:26:23.173 WARN  --- [http-nio-8080-exec-1] org.springframework.web.servlet.mvc.support.DefaultHandlerExceptionResolver Line:199 - Resolved [org.springframework.http.converter.HttpMessageNotReadableException: JSON parse error: Unexpected character ('}' (code 125)): was expecting double-quote to start field name; nested exception is com.fasterxml.jackson.core.JsonParseException: Unexpected character ('}' (code 125)): was expecting double-quote to start field name
 at [Source: (PushbackInputStream); line: 7, column: 2]]
2019-11-12 20:30:57.500 WARN  --- [http-nio-8080-exec-3] org.springframework.web.servlet.mvc.support.DefaultHandlerExceptionResolver Line:199 - Resolved [org.springframework.http.converter.HttpMessageNotReadableException: JSON parse error: Cannot deserialize instance of `com.xiaoyaotong.api.companyitem.dto.ProductInfoDTO` out of START_ARRAY token; nested exception is com.fasterxml.jackson.databind.exc.MismatchedInputException: Cannot deserialize instance of `com.xiaoyaotong.api.companyitem.dto.ProductInfoDTO` out of START_ARRAY token
 at [Source: (PushbackInputStream); line: 1, column: 1]]
2019-11-12 20:32:21.945 WARN  --- [http-nio-8080-exec-5] org.springframework.web.servlet.mvc.support.DefaultHandlerExceptionResolver Line:199 - Resolved [org.springframework.http.converter.HttpMessageNotReadableException: JSON parse error: Cannot deserialize instance of `com.xiaoyaotong.api.companyitem.dto.ProductInfoDTO` out of START_ARRAY token; nested exception is com.fasterxml.jackson.databind.exc.MismatchedInputException: Cannot deserialize instance of `com.xiaoyaotong.api.companyitem.dto.ProductInfoDTO` out of START_ARRAY token
 at [Source: (PushbackInputStream); line: 1, column: 1]]
