2019-11-19 13:57:18.464 DEBUG --- [restartedMain] com.xiaoyaotong.api.ApiApplication Line:56  - Running with Spring Boot v2.2.1.RELEASE, Spring v5.2.1.RELEASE
2019-11-19 13:57:18.994 DEBUG --- [restartedMain] org.apache.ibatis.logging.LogFactory Line:105 - Logging initialized using 'class org.apache.ibatis.logging.slf4j.Slf4jImpl' adapter.
2019-11-20 17:10:15.628 DEBUG --- [main] com.xiaoyaotong.api.company.serviceImpl.CompanyServiceImplTest Line:56  - Running with Spring Boot v2.2.1.RELEASE, Spring v5.2.1.RELEASE
2019-11-20 17:10:16.707 DEBUG --- [main] org.apache.ibatis.logging.LogFactory Line:105 - Logging initialized using 'class org.apache.ibatis.logging.slf4j.Slf4jImpl' adapter.
2019-11-20 17:12:28.534 DEBUG --- [main] com.xiaoyaotong.api.company.serviceImpl.CompanyServiceImplTest Line:56  - Running with Spring Boot v2.2.1.RELEASE, Spring v5.2.1.RELEASE
2019-11-20 17:12:29.643 DEBUG --- [main] org.apache.ibatis.logging.LogFactory Line:105 - Logging initialized using 'class org.apache.ibatis.logging.slf4j.Slf4jImpl' adapter.
2019-11-20 17:13:57.997 DEBUG --- [main] com.xiaoyaotong.api.company.serviceImpl.CompanyServiceImplTest Line:56  - Running with Spring Boot v2.2.1.RELEASE, Spring v5.2.1.RELEASE
2019-11-20 17:13:59.029 DEBUG --- [main] org.apache.ibatis.logging.LogFactory Line:105 - Logging initialized using 'class org.apache.ibatis.logging.slf4j.Slf4jImpl' adapter.
2019-11-20 17:14:04.684 DEBUG --- [main] com.xiaoyaotong.api.company.mapper.CompanyMapper.findCompanyById Line:143 - ==>  Preparing: select * from t_company where company_id = ? 
2019-11-20 17:14:04.752 DEBUG --- [main] com.xiaoyaotong.api.company.mapper.CompanyMapper.findCompanyById Line:143 - ==> Parameters: 1(Integer)
2019-11-20 17:14:04.861 DEBUG --- [main] com.xiaoyaotong.api.company.mapper.CompanyMapper.findCompanyById Line:143 - <==      Total: 0
2019-11-20 17:15:14.905 DEBUG --- [main] com.xiaoyaotong.api.company.serviceImpl.CompanyServiceImplTest Line:56  - Running with Spring Boot v2.2.1.RELEASE, Spring v5.2.1.RELEASE
2019-11-20 17:15:16.001 DEBUG --- [main] org.apache.ibatis.logging.LogFactory Line:105 - Logging initialized using 'class org.apache.ibatis.logging.slf4j.Slf4jImpl' adapter.
2019-11-20 17:15:20.613 DEBUG --- [main] com.xiaoyaotong.api.company.mapper.CompanyMapper.findCompanyById Line:143 - ==>  Preparing: select * from t_company where company_id = ? 
2019-11-20 17:15:20.668 DEBUG --- [main] com.xiaoyaotong.api.company.mapper.CompanyMapper.findCompanyById Line:143 - ==> Parameters: 1(Integer)
2019-11-20 17:15:20.765 DEBUG --- [main] com.xiaoyaotong.api.company.mapper.CompanyMapper.findCompanyById Line:143 - <==      Total: 0
2019-11-20 17:16:53.749 DEBUG --- [main] com.xiaoyaotong.api.company.serviceImpl.CompanyServiceImplTest Line:56  - Running with Spring Boot v2.2.1.RELEASE, Spring v5.2.1.RELEASE
2019-11-20 17:16:55.071 DEBUG --- [main] org.apache.ibatis.logging.LogFactory Line:105 - Logging initialized using 'class org.apache.ibatis.logging.slf4j.Slf4jImpl' adapter.
2019-11-20 17:16:59.339 DEBUG --- [main] com.xiaoyaotong.api.company.mapper.CompanyMapper.findCompanyById Line:143 - ==>  Preparing: select * from t_company where company_id = ? 
2019-11-20 17:16:59.397 DEBUG --- [main] com.xiaoyaotong.api.company.mapper.CompanyMapper.findCompanyById Line:143 - ==> Parameters: 1(Integer)
2019-11-20 17:16:59.547 DEBUG --- [main] com.xiaoyaotong.api.company.mapper.CompanyMapper.findCompanyById Line:143 - <==      Total: 1
2019-11-20 17:24:03.213 DEBUG --- [main] com.xiaoyaotong.api.company.serviceImpl.CompanyServiceImplTest Line:56  - Running with Spring Boot v2.2.1.RELEASE, Spring v5.2.1.RELEASE
2019-11-20 17:24:04.480 DEBUG --- [main] org.apache.ibatis.logging.LogFactory Line:105 - Logging initialized using 'class org.apache.ibatis.logging.slf4j.Slf4jImpl' adapter.
2019-11-20 17:24:09.401 DEBUG --- [main] com.xiaoyaotong.api.company.mapper.CompanyMapper.findCompanyById Line:143 - ==>  Preparing: select * from t_company where company_id = ? 
2019-11-20 17:24:09.477 DEBUG --- [main] com.xiaoyaotong.api.company.mapper.CompanyMapper.findCompanyById Line:143 - ==> Parameters: 1(Integer)
2019-11-20 17:24:09.584 DEBUG --- [main] com.xiaoyaotong.api.company.mapper.CompanyMapper.findCompanyById Line:143 - <==      Total: 1
2019-12-01 17:42:55.495 DEBUG --- [restartedMain] com.xiaoyaotong.api.ApiApplication Line:56  - Running with Spring Boot v2.2.1.RELEASE, Spring v5.2.1.RELEASE
2019-12-01 17:42:56.571 DEBUG --- [restartedMain] org.apache.ibatis.logging.LogFactory Line:105 - Logging initialized using 'class org.apache.ibatis.logging.slf4j.Slf4jImpl' adapter.
2019-12-01 17:50:22.389 DEBUG --- [restartedMain] com.xiaoyaotong.api.ApiApplication Line:56  - Running with Spring Boot v2.2.1.RELEASE, Spring v5.2.1.RELEASE
2019-12-01 17:50:23.327 DEBUG --- [restartedMain] org.apache.ibatis.logging.LogFactory Line:105 - Logging initialized using 'class org.apache.ibatis.logging.slf4j.Slf4jImpl' adapter.
2019-12-01 17:51:07.277 DEBUG --- [main] com.xiaoyaotong.api.standardproduct.serviceImpl.MedicineSPUServiceImplTest Line:56  - Running with Spring Boot v2.2.1.RELEASE, Spring v5.2.1.RELEASE
2019-12-01 17:51:08.486 DEBUG --- [main] org.apache.ibatis.logging.LogFactory Line:105 - Logging initialized using 'class org.apache.ibatis.logging.slf4j.Slf4jImpl' adapter.
2019-12-01 17:51:16.973 DEBUG --- [main] com.xiaoyaotong.api.standardproduct.mapper.MedicineSPUMapper.findMedicineBySpuCode Line:143 - ==>  Preparing: select s._id as s_id, s.spu_code , s.approval_code, s.spec, s.factory_name, s.formal_name, s.short_name, s.first_category, s.second_category, s.is_standard, s.status, s.create_time, s.create_user, s.update_time, s.update_user, s.bar_code, p._id as p_id, p.pic_url, p.status as p_status, p.create_user as p_create_user, p.create_time as p_create_time, p.update_user as p_update_user, p.update_time as p_update_time from t_medicine_spu s left join t_medicine_spu_pic p on s.spu_code = p.spu_code where s.spu_code = ? 
2019-12-01 17:51:17.185 DEBUG --- [main] com.xiaoyaotong.api.standardproduct.mapper.MedicineSPUMapper.findMedicineBySpuCode Line:143 - ==> Parameters: 1(String)
2019-12-01 17:51:19.057 DEBUG --- [main] com.xiaoyaotong.api.standardproduct.mapper.MedicineSPUMapper.getAllSPUIds Line:143 - ==>  Preparing: select spu_id from t_medicine_spu 
2019-12-01 17:51:19.059 DEBUG --- [main] com.xiaoyaotong.api.standardproduct.mapper.MedicineSPUMapper.getAllSPUIds Line:143 - ==> Parameters: 
2019-12-01 17:51:19.148 DEBUG --- [main] com.xiaoyaotong.api.standardproduct.mapper.MedicineSPUMapper.getSPUList Line:143 - ==>  Preparing: select s._id as s_id, s.spu_code , s.approval_code, s.spec, s.factory_name, s.formal_name, s.short_name, s.first_category, s.second_category, s.is_standard, s.status, s.create_time, s.create_user, s.update_time, s.update_user, s.bar_code, p._id as p_id, p.pic_url, p.status as p_status, p.create_user as p_create_user, p.create_time as p_create_time, p.update_user as p_update_user, p.update_time as p_update_time from t_medicine_spu s left join t_medicine_spu_pic p on s.spu_code = p.spu_code limit ?,? 
2019-12-01 17:51:19.152 DEBUG --- [main] com.xiaoyaotong.api.standardproduct.mapper.MedicineSPUMapper.getSPUList Line:143 - ==> Parameters: 0(Integer), 12(Integer)
2019-12-01 17:53:25.648 DEBUG --- [main] com.xiaoyaotong.api.standardproduct.serviceImpl.MedicineSPUServiceImplTest Line:56  - Running with Spring Boot v2.2.1.RELEASE, Spring v5.2.1.RELEASE
2019-12-01 17:53:26.701 DEBUG --- [main] org.apache.ibatis.logging.LogFactory Line:105 - Logging initialized using 'class org.apache.ibatis.logging.slf4j.Slf4jImpl' adapter.
2019-12-01 17:53:34.081 DEBUG --- [main] com.xiaoyaotong.api.standardproduct.mapper.MedicineSPUMapper.findMedicineBySpuCode Line:143 - ==>  Preparing: select s.id as s_id, s.spu_code , s.approval_code, s.spec, s.factory_name, s.formal_name, s.short_name, s.first_category, s.second_category, s.is_standard, s.status, s.create_time, s.create_user, s.update_time, s.update_user, s.bar_code, p._id as p_id, p.pic_url, p.status as p_status, p.create_user as p_create_user, p.create_time as p_create_time, p.update_user as p_update_user, p.update_time as p_update_time from t_medicine_spu s left join t_medicine_spu_pic p on s.spu_code = p.spu_code where s.spu_code = ? 
2019-12-01 17:53:34.317 DEBUG --- [main] com.xiaoyaotong.api.standardproduct.mapper.MedicineSPUMapper.findMedicineBySpuCode Line:143 - ==> Parameters: 1(String)
2019-12-01 17:53:34.467 DEBUG --- [main] com.xiaoyaotong.api.standardproduct.mapper.MedicineSPUMapper.getAllSPUIds Line:143 - ==>  Preparing: select spu_id from t_medicine_spu 
2019-12-01 17:53:34.469 DEBUG --- [main] com.xiaoyaotong.api.standardproduct.mapper.MedicineSPUMapper.getAllSPUIds Line:143 - ==> Parameters: 
2019-12-01 17:53:34.548 DEBUG --- [main] com.xiaoyaotong.api.standardproduct.mapper.MedicineSPUMapper.getSPUList Line:143 - ==>  Preparing: select s.id as s_id, s.spu_code , s.approval_code, s.spec, s.factory_name, s.formal_name, s.short_name, s.first_category, s.second_category, s.is_standard, s.status, s.create_time, s.create_user, s.update_time, s.update_user, s.bar_code, p._id as p_id, p.pic_url, p.status as p_status, p.create_user as p_create_user, p.create_time as p_create_time, p.update_user as p_update_user, p.update_time as p_update_time from t_medicine_spu s left join t_medicine_spu_pic p on s.spu_code = p.spu_code limit ?,? 
2019-12-01 17:53:34.555 DEBUG --- [main] com.xiaoyaotong.api.standardproduct.mapper.MedicineSPUMapper.getSPUList Line:143 - ==> Parameters: 0(Integer), 12(Integer)
2019-12-01 17:55:19.539 DEBUG --- [main] com.xiaoyaotong.api.standardproduct.serviceImpl.MedicineSPUServiceImplTest Line:56  - Running with Spring Boot v2.2.1.RELEASE, Spring v5.2.1.RELEASE
2019-12-01 17:55:20.829 DEBUG --- [main] org.apache.ibatis.logging.LogFactory Line:105 - Logging initialized using 'class org.apache.ibatis.logging.slf4j.Slf4jImpl' adapter.
2019-12-01 17:55:27.664 DEBUG --- [main] com.xiaoyaotong.api.standardproduct.mapper.MedicineSPUMapper.findMedicineBySpuCode Line:143 - ==>  Preparing: select s.id as s_id, s.spu_code , s.approval_code, s.spec, s.factory_name, s.formal_name, s.short_name, s.first_category, s.second_category, s.is_standard, s.status, s.create_time, s.create_user, s.update_time, s.update_user, s.bar_code, p.id as p_id, p.pic_url, p.status as p_status, p.create_user as p_create_user, p.create_time as p_create_time, p.update_user as p_update_user, p.update_time as p_update_time from t_medicine_spu s left join t_medicine_spu_pic p on s.spu_code = p.spu_code where s.spu_code = ? 
2019-12-01 17:55:27.871 DEBUG --- [main] com.xiaoyaotong.api.standardproduct.mapper.MedicineSPUMapper.findMedicineBySpuCode Line:143 - ==> Parameters: 1(String)
2019-12-01 17:55:27.982 DEBUG --- [main] com.xiaoyaotong.api.standardproduct.mapper.MedicineSPUMapper.findMedicineBySpuCode Line:143 - <==      Total: 2
2019-12-01 17:55:27.985 DEBUG --- [main] com.xiaoyaotong.api.standardproduct.mapper.MedicineSPUMapper.findMedicineBySpuCode Line:143 - ==>  Preparing: select s.id as s_id, s.spu_code , s.approval_code, s.spec, s.factory_name, s.formal_name, s.short_name, s.first_category, s.second_category, s.is_standard, s.status, s.create_time, s.create_user, s.update_time, s.update_user, s.bar_code, p.id as p_id, p.pic_url, p.status as p_status, p.create_user as p_create_user, p.create_time as p_create_time, p.update_user as p_update_user, p.update_time as p_update_time from t_medicine_spu s left join t_medicine_spu_pic p on s.spu_code = p.spu_code where s.spu_code = ? 
2019-12-01 17:55:27.986 DEBUG --- [main] com.xiaoyaotong.api.standardproduct.mapper.MedicineSPUMapper.findMedicineBySpuCode Line:143 - ==> Parameters: 1(String)
2019-12-01 17:55:28.035 DEBUG --- [main] com.xiaoyaotong.api.standardproduct.mapper.MedicineSPUMapper.findMedicineBySpuCode Line:143 - <==      Total: 2
2019-12-01 17:55:28.071 DEBUG --- [main] com.xiaoyaotong.api.standardproduct.mapper.MedicineSPUMapper.getAllSPUIds Line:143 - ==>  Preparing: select spu_id from t_medicine_spu 
2019-12-01 17:55:28.085 DEBUG --- [main] com.xiaoyaotong.api.standardproduct.mapper.MedicineSPUMapper.getAllSPUIds Line:143 - ==> Parameters: 
2019-12-01 17:55:28.209 DEBUG --- [main] com.xiaoyaotong.api.standardproduct.mapper.MedicineSPUMapper.getSPUList Line:143 - ==>  Preparing: select s.id as s_id, s.spu_code , s.approval_code, s.spec, s.factory_name, s.formal_name, s.short_name, s.first_category, s.second_category, s.is_standard, s.status, s.create_time, s.create_user, s.update_time, s.update_user, s.bar_code, p.id as p_id, p.pic_url, p.status as p_status, p.create_user as p_create_user, p.create_time as p_create_time, p.update_user as p_update_user, p.update_time as p_update_time from t_medicine_spu s left join t_medicine_spu_pic p on s.spu_code = p.spu_code limit ?,? 
2019-12-01 17:55:28.225 DEBUG --- [main] com.xiaoyaotong.api.standardproduct.mapper.MedicineSPUMapper.getSPUList Line:143 - ==> Parameters: 0(Integer), 12(Integer)
2019-12-01 17:55:28.307 DEBUG --- [main] com.xiaoyaotong.api.standardproduct.mapper.MedicineSPUMapper.getSPUList Line:143 - <==      Total: 7
2019-12-01 18:00:53.855 DEBUG --- [main] com.xiaoyaotong.api.standardproduct.serviceImpl.MedicineSPUServiceImplTest Line:56  - Running with Spring Boot v2.2.1.RELEASE, Spring v5.2.1.RELEASE
2019-12-01 18:00:54.927 DEBUG --- [main] org.apache.ibatis.logging.LogFactory Line:105 - Logging initialized using 'class org.apache.ibatis.logging.slf4j.Slf4jImpl' adapter.
2019-12-01 18:01:01.494 DEBUG --- [main] com.xiaoyaotong.api.standardproduct.mapper.MedicineSPUMapper.findMedicineBySpuCode Line:143 - ==>  Preparing: select s.id as s_id, s.spu_code , s.approval_code, s.spec, s.factory_name, s.formal_name, s.short_name, s.first_category, s.second_category, s.is_standard, s.status, s.create_time, s.create_user, s.update_time, s.update_user, s.bar_code, p.id as p_id, p.pic_url, p.status as p_status, p.create_user as p_create_user, p.create_time as p_create_time, p.update_user as p_update_user, p.update_time as p_update_time from t_medicine_spu s left join t_medicine_spu_pic p on s.spu_code = p.spu_code where s.spu_code = ? 
2019-12-01 18:01:01.685 DEBUG --- [main] com.xiaoyaotong.api.standardproduct.mapper.MedicineSPUMapper.findMedicineBySpuCode Line:143 - ==> Parameters: 1(String)
2019-12-01 18:01:02.149 DEBUG --- [main] com.xiaoyaotong.api.standardproduct.mapper.MedicineSPUMapper.findMedicineBySpuCode Line:143 - <==      Total: 2
2019-12-01 18:01:02.153 DEBUG --- [main] com.xiaoyaotong.api.standardproduct.mapper.MedicineSPUMapper.findMedicineBySpuCode Line:143 - ==>  Preparing: select s.id as s_id, s.spu_code , s.approval_code, s.spec, s.factory_name, s.formal_name, s.short_name, s.first_category, s.second_category, s.is_standard, s.status, s.create_time, s.create_user, s.update_time, s.update_user, s.bar_code, p.id as p_id, p.pic_url, p.status as p_status, p.create_user as p_create_user, p.create_time as p_create_time, p.update_user as p_update_user, p.update_time as p_update_time from t_medicine_spu s left join t_medicine_spu_pic p on s.spu_code = p.spu_code where s.spu_code = ? 
2019-12-01 18:01:02.153 DEBUG --- [main] com.xiaoyaotong.api.standardproduct.mapper.MedicineSPUMapper.findMedicineBySpuCode Line:143 - ==> Parameters: 1(String)
2019-12-01 18:01:02.205 DEBUG --- [main] com.xiaoyaotong.api.standardproduct.mapper.MedicineSPUMapper.findMedicineBySpuCode Line:143 - <==      Total: 2
2019-12-01 18:01:02.225 DEBUG --- [main] com.xiaoyaotong.api.standardproduct.mapper.MedicineSPUMapper.getAllSPUCodes Line:143 - ==>  Preparing: select spu_code from t_medicine_spu 
2019-12-01 18:01:02.230 DEBUG --- [main] com.xiaoyaotong.api.standardproduct.mapper.MedicineSPUMapper.getAllSPUCodes Line:143 - ==> Parameters: 
2019-12-01 18:01:02.278 DEBUG --- [main] com.xiaoyaotong.api.standardproduct.mapper.MedicineSPUMapper.getAllSPUCodes Line:143 - <==      Total: 6
2019-12-01 18:01:02.292 DEBUG --- [main] com.xiaoyaotong.api.standardproduct.mapper.MedicineSPUMapper.getSPUList Line:143 - ==>  Preparing: select s.id as s_id, s.spu_code , s.approval_code, s.spec, s.factory_name, s.formal_name, s.short_name, s.first_category, s.second_category, s.is_standard, s.status, s.create_time, s.create_user, s.update_time, s.update_user, s.bar_code, p.id as p_id, p.pic_url, p.status as p_status, p.create_user as p_create_user, p.create_time as p_create_time, p.update_user as p_update_user, p.update_time as p_update_time from t_medicine_spu s left join t_medicine_spu_pic p on s.spu_code = p.spu_code limit ?,? 
2019-12-01 18:01:02.309 DEBUG --- [main] com.xiaoyaotong.api.standardproduct.mapper.MedicineSPUMapper.getSPUList Line:143 - ==> Parameters: 0(Integer), 12(Integer)
2019-12-01 18:01:02.365 DEBUG --- [main] com.xiaoyaotong.api.standardproduct.mapper.MedicineSPUMapper.getSPUList Line:143 - <==      Total: 7
